2023-12-05T14:28:04.663+05:30  INFO 20980 --- [main] c.e.shopping.ShoppingApplicationTests    : Starting ShoppingApplicationTests using Java 17.0.9 with PID 20980 (started by sakth in C:\Users\sakth\OneDrive\Documents\new\shopingapi\shopping)
2023-12-05T14:28:04.711+05:30  INFO 20980 --- [main] c.e.shopping.ShoppingApplicationTests    : No active profile set, falling back to 1 default profile: "default"
2023-12-05T14:28:09.679+05:30  INFO 20980 --- [main] .s.d.r.c.RepositoryConfigurationDelegate : Bootstrapping Spring Data MongoDB repositories in DEFAULT mode.
2023-12-05T14:28:09.892+05:30  INFO 20980 --- [main] .s.d.r.c.RepositoryConfigurationDelegate : Finished Spring Data repository scanning in 198 ms. Found 2 MongoDB repository interfaces.
2023-12-05T14:28:20.981+05:30  INFO 20980 --- [main] org.mongodb.driver.client                : MongoClient with metadata {"driver": {"name": "mongo-java-driver|sync|spring-boot", "version": "4.9.1"}, "os": {"type": "Windows", "name": "Windows 11", "architecture": "amd64", "version": "10.0"}, "platform": "Java/Oracle Corporation/17.0.9+11-LTS-201"} created with settings MongoClientSettings{readPreference=primary, writeConcern=WriteConcern{w=null, wTimeout=null ms, journal=null}, retryWrites=true, retryReads=true, readConcern=ReadConcern{level=null}, credential=null, streamFactoryFactory=null, commandListeners=[io.micrometer.core.instrument.binder.mongodb.MongoMetricsCommandListener@4ad8d36f], codecRegistry=ProvidersCodecRegistry{codecProviders=[ValueCodecProvider{}, BsonValueCodecProvider{}, DBRefCodecProvider{}, DBObjectCodecProvider{}, DocumentCodecProvider{}, CollectionCodecProvider{}, IterableCodecProvider{}, MapCodecProvider{}, GeoJsonCodecProvider{}, GridFSFileCodecProvider{}, Jsr310CodecProvider{}, JsonObjectCodecProvider{}, BsonCodecProvider{}, EnumCodecProvider{}, com.mongodb.client.model.mql.ExpressionCodecProvider@74a5bef0, com.mongodb.Jep395RecordCodecProvider@68c4a860]}, loggerSettings=LoggerSettings{maxDocumentLength=1000}, clusterSettings={hosts=[localhost:27017], srvServiceName=mongodb, mode=SINGLE, requiredClusterType=UNKNOWN, requiredReplicaSetName='null', serverSelector='null', clusterListeners='[]', serverSelectionTimeout='30000 ms', localThreshold='30000 ms'}, socketSettings=SocketSettings{connectTimeoutMS=10000, readTimeoutMS=0, receiveBufferSize=0, sendBufferSize=0}, heartbeatSocketSettings=SocketSettings{connectTimeoutMS=10000, readTimeoutMS=10000, receiveBufferSize=0, sendBufferSize=0}, connectionPoolSettings=ConnectionPoolSettings{maxSize=100, minSize=0, maxWaitTimeMS=120000, maxConnectionLifeTimeMS=0, maxConnectionIdleTimeMS=0, maintenanceInitialDelayMS=0, maintenanceFrequencyMS=60000, connectionPoolListeners=[io.micrometer.core.instrument.binder.mongodb.MongoMetricsConnectionPoolListener@570ed9c], maxConnecting=2}, serverSettings=ServerSettings{heartbeatFrequencyMS=10000, minHeartbeatFrequencyMS=500, serverListeners='[]', serverMonitorListeners='[]'}, sslSettings=SslSettings{enabled=false, invalidHostNameAllowed=false, context=null}, applicationName='null', compressorList=[], uuidRepresentation=JAVA_LEGACY, serverApi=null, autoEncryptionSettings=null, contextProvider=null}
2023-12-05T14:28:21.060+05:30  INFO 20980 --- [cluster-ClusterId{value='656ee62c69afcb07e9e20c31', description='null'}-localhost:27017] org.mongodb.driver.cluster               : Monitor thread successfully connected to server with description ServerDescription{address=localhost:27017, type=STANDALONE, state=CONNECTED, ok=true, minWireVersion=0, maxWireVersion=21, maxDocumentSize=16777216, logicalSessionTimeoutMinutes=30, roundTripTimeNanos=95009600}
2023-12-05T14:28:23.121+05:30  INFO 20980 --- [main] o.s.b.t.m.w.SpringBootMockServletContext : Initializing Spring TestDispatcherServlet ''
2023-12-05T14:28:23.122+05:30  INFO 20980 --- [main] o.s.t.web.servlet.TestDispatcherServlet  : Initializing Servlet ''
2023-12-05T14:28:23.173+05:30  INFO 20980 --- [main] o.s.b.a.e.web.EndpointLinksResolver      : Exposing 1 endpoint(s) beneath base path '/actuator'
2023-12-05T14:28:23.212+05:30  INFO 20980 --- [main] o.s.t.web.servlet.TestDispatcherServlet  : Completed initialization in 88 ms
2023-12-05T14:28:24.091+05:30  INFO 20980 --- [main] c.e.shopping.ShoppingApplicationTests    : Started ShoppingApplicationTests in 20.539 seconds (process running for 26.429)
2023-12-05T14:28:25.398+05:30  INFO 20980 --- [main] c.e.s.service.accesstokenvalidator       : ----------------------
2023-12-05T14:28:25.398+05:30  INFO 20980 --- [main] c.e.s.service.accesstokenvalidator       : ZjOWDkRGLFP6uek9z4j_sepAcN3RejSz
2023-12-05T14:28:25.423+05:30  INFO 20980 --- [main] c.e.s.service.accesstokenvalidator       : ----------------------
2023-12-05T14:28:25.424+05:30  INFO 20980 --- [main] c.e.s.service.accesstokenvalidator       : ZjOWDkRGLFP6uek9z4j_sepAcN3RejSz
2023-12-05T14:28:25.427+05:30  INFO 20980 --- [main] c.e.s.service.accesstokenvalidator       : ----------------------
2023-12-05T14:28:25.428+05:30  INFO 20980 --- [main] c.e.s.service.accesstokenvalidator       : ZjOWDkRGLFP6uek9z4j_sepAcN3RejSz
2023-12-05T14:28:25.540+05:30  INFO 20980 --- [main] c.e.s.service.accesstokenvalidator       : ----------------------
2023-12-05T14:28:25.540+05:30  INFO 20980 --- [main] c.e.s.service.accesstokenvalidator       : ZjOWDkRGLFP6uek9z4j_sepAcN3RejSz
2023-12-05T14:28:25.712+05:30  INFO 20980 --- [main] c.e.s.service.accesstokenvalidator       : ----------------------
2023-12-05T14:28:25.713+05:30  INFO 20980 --- [main] c.e.s.service.accesstokenvalidator       : ZjOWDkRGLFP6uek9z4j_sepAcN3RejSz
2023-12-05T14:28:25.903+05:30  INFO 20980 --- [main] c.e.s.service.accesstokenvalidator       : ----------------------
2023-12-05T14:28:25.903+05:30  INFO 20980 --- [main] c.e.s.service.accesstokenvalidator       : ZjOWDkRGLFP6uek9z4j_sepAcN3RejSz
2023-12-05T14:28:25.906+05:30  INFO 20980 --- [main] c.e.s.service.accesstokenvalidator       : ----------------------
2023-12-05T14:28:25.911+05:30  INFO 20980 --- [main] c.e.s.service.accesstokenvalidator       : ZjOWDkRGLFP6uek9z4j_sepAcN3RejSz
2023-12-05T14:28:25.912+05:30  INFO 20980 --- [main] c.e.s.service.accesstokenvalidator       : ----------------------
2023-12-05T14:28:25.913+05:30  INFO 20980 --- [main] c.e.s.service.accesstokenvalidator       : ZjOWDkRGLFP6uek9z4j_sepAcN3RejSz
2023-12-05T14:28:25.942+05:30  INFO 20980 --- [main] c.e.s.service.accesstokenvalidator       : ----------------------
2023-12-05T14:28:25.942+05:30  INFO 20980 --- [main] c.e.s.service.accesstokenvalidator       : ZjOWDkRGLFP6uek9z4j_sepAcN3RejSz
2023-12-05T14:28:25.943+05:30  INFO 20980 --- [main] com.example.shopping.ProductController   : -----------ZjOWDkRGLFP6uek9z4j_sepAcN3RejSz
2023-12-05T14:28:25.944+05:30  INFO 20980 --- [main] c.e.s.service.accesstokenvalidator       : ----------------------
2023-12-05T14:28:25.944+05:30  INFO 20980 --- [main] c.e.s.service.accesstokenvalidator       : ZjOWDkRGLFP6uek9z4j_sepAcN3RejSz
2023-12-05T14:28:25.945+05:30  INFO 20980 --- [main] c.e.s.service.accesstokenvalidator       : ----------------------
2023-12-05T14:28:25.945+05:30  INFO 20980 --- [main] c.e.s.service.accesstokenvalidator       : ZjOWDkRGLFP6uek9z4j_sepAcN3RejSz
2023-12-05T14:28:26.189+05:30  INFO 20980 --- [main] c.e.s.service.accesstokenvalidator       : ----------------------
2023-12-05T14:28:26.190+05:30  INFO 20980 --- [main] c.e.s.service.accesstokenvalidator       : ZjOWDkRGLFP6uek9z4j_sepAcN3RejSz
2023-12-05T14:28:26.191+05:30  INFO 20980 --- [main] c.e.s.service.accesstokenvalidator       : ----------------------
2023-12-05T14:28:26.191+05:30  INFO 20980 --- [main] c.e.s.service.accesstokenvalidator       : ZjOWDkRGLFP6uek9z4j_sepAcN3RejSz
2023-12-05T14:28:26.193+05:30  INFO 20980 --- [main] c.e.s.service.accesstokenvalidator       : ----------------------
2023-12-05T14:28:26.194+05:30  INFO 20980 --- [main] c.e.s.service.accesstokenvalidator       : ZjOWDkRGLFP6uek9z4j_sepAcN3RejSz
2023-12-05T14:28:26.208+05:30  INFO 20980 --- [main] c.e.s.service.accesstokenvalidator       : ----------------------
2023-12-05T14:28:26.210+05:30  INFO 20980 --- [main] c.e.s.service.accesstokenvalidator       : ZjOWDkRGLFP6uek9z4j_sepAcN3RejSz1
2023-12-05T14:28:26.212+05:30  INFO 20980 --- [main] c.e.s.service.accesstokenvalidator       : ----------------------
2023-12-05T14:28:26.212+05:30  INFO 20980 --- [main] c.e.s.service.accesstokenvalidator       : ZjOWDkRGLFP6uek9z4j_sepAcN3RejSz1
2023-12-05T14:28:26.291+05:30  INFO 20980 --- [main] c.e.s.service.accesstokenvalidator       : ----------------------
2023-12-05T14:28:26.291+05:30  INFO 20980 --- [main] c.e.s.service.accesstokenvalidator       : ZjOWDkRGLFP6uek9z4j_sepAcN3RejSz
2023-12-05T14:28:26.292+05:30  INFO 20980 --- [main] c.e.s.service.accesstokenvalidator       : ----------------------
2023-12-05T14:28:26.293+05:30  INFO 20980 --- [main] c.e.s.service.accesstokenvalidator       : ZjOWDkRGLFP6uek9z4j_sepAcN3RejSz
2023-12-05T14:28:26.326+05:30  INFO 20980 --- [main] c.e.s.service.accesstokenvalidator       : ----------------------
2023-12-05T14:28:26.330+05:30  INFO 20980 --- [main] c.e.s.service.accesstokenvalidator       : ZjOWDkRGLFP6uek9z4j_sepAcN3RejSz
2023-12-05T14:28:26.332+05:30  INFO 20980 --- [main] c.e.s.service.accesstokenvalidator       : ----------------------
2023-12-05T14:28:26.332+05:30  INFO 20980 --- [main] c.e.s.service.accesstokenvalidator       : ZjOWDkRGLFP6uek9z4j_sepAcN3RejSz
2023-12-05T14:28:26.398+05:30  INFO 20980 --- [main] c.e.s.service.accesstokenvalidator       : ----------------------
2023-12-05T14:28:26.399+05:30  INFO 20980 --- [main] c.e.s.service.accesstokenvalidator       : ZjOWDkRGLFP6uek9z4j_sepAcN3RejSz
2023-12-05T14:28:26.411+05:30  INFO 20980 --- [main] com.example.shopping.ProductController   : -----------ZjOWDkRGLFP6uek9z4j_sepAcN3RejSz
2023-12-05T14:28:26.412+05:30  INFO 20980 --- [main] c.e.s.service.accesstokenvalidator       : ----------------------
2023-12-05T14:28:26.413+05:30  INFO 20980 --- [main] c.e.s.service.accesstokenvalidator       : ZjOWDkRGLFP6uek9z4j_sepAcN3RejSz
2023-12-05T14:28:26.465+05:30  INFO 20980 --- [main] c.e.s.service.accesstokenvalidator       : ----------------------
2023-12-05T14:28:26.465+05:30  INFO 20980 --- [main] c.e.s.service.accesstokenvalidator       : ZjOWDkRGLFP6uek9z4j_sepAcN3RejSz
2023-12-05T14:28:26.467+05:30  INFO 20980 --- [main] c.e.s.service.accesstokenvalidator       : ----------------------
2023-12-05T14:28:26.470+05:30  INFO 20980 --- [main] c.e.s.service.accesstokenvalidator       : ZjOWDkRGLFP6uek9z4j_sepAcN3RejSz
2023-12-05T14:28:26.472+05:30  INFO 20980 --- [main] c.e.s.service.accesstokenvalidator       : ----------------------
2023-12-05T14:28:26.473+05:30  INFO 20980 --- [main] c.e.s.service.accesstokenvalidator       : ZjOWDkRGLFP6uek9z4j_sepAcN3RejSz
2023-12-05T14:28:26.475+05:30  INFO 20980 --- [main] c.e.s.service.accesstokenvalidator       : ----------------------
2023-12-05T14:28:26.476+05:30  INFO 20980 --- [main] c.e.s.service.accesstokenvalidator       : ZjOWDkRGLFP6uek9z4j_sepAcN3RejSz
2023-12-05T14:28:26.572+05:30  INFO 20980 --- [main] c.e.s.service.accesstokenvalidator       : ----------------------
2023-12-05T14:28:26.576+05:30  INFO 20980 --- [main] c.e.s.service.accesstokenvalidator       : ZjOWDkRGLFP6uek9z4j_sepAcN3RejSz
2023-12-05T14:28:26.640+05:30  INFO 20980 --- [main] c.e.s.service.accesstokenvalidator       : ----------------------
2023-12-05T14:28:26.640+05:30  INFO 20980 --- [main] c.e.s.service.accesstokenvalidator       : ZjOWDkRGLFP6uek9z4j_sepAcN3RejSz
2023-12-05T14:28:26.662+05:30  INFO 20980 --- [main] c.e.s.service.accesstokenvalidator       : ----------------------
2023-12-05T14:28:26.663+05:30  INFO 20980 --- [main] c.e.s.service.accesstokenvalidator       : ZjOWDkRGLFP6uek9z4j_sepAcN3RejSz
2023-12-05T14:28:26.696+05:30  INFO 20980 --- [main] c.e.s.service.accesstokenvalidator       : ----------------------
2023-12-05T14:28:26.697+05:30  INFO 20980 --- [main] c.e.s.service.accesstokenvalidator       : ZjOWDkRGLFP6uek9z4j_sepAcN3RejSz
2023-12-05T14:28:26.728+05:30  INFO 20980 --- [main] c.e.s.service.accesstokenvalidator       : ----------------------
2023-12-05T14:28:26.729+05:30  INFO 20980 --- [main] c.e.s.service.accesstokenvalidator       : ZjOWDkRGLFP6uek9z4j_sepAcN3RejSz
2023-12-05T14:28:26.780+05:30  INFO 20980 --- [main] c.e.s.service.accesstokenvalidator       : ----------------------
2023-12-05T14:28:26.780+05:30  INFO 20980 --- [main] c.e.s.service.accesstokenvalidator       : ZjOWDkRGLFP6uek9z4j_sepAcN3RejSz
2023-12-05T14:28:26.781+05:30  INFO 20980 --- [main] com.example.shopping.ProductController   : -----------ZjOWDkRGLFP6uek9z4j_sepAcN3RejSz
2023-12-05T14:28:26.782+05:30  INFO 20980 --- [main] c.e.s.service.accesstokenvalidator       : ----------------------
2023-12-05T14:28:26.782+05:30  INFO 20980 --- [main] c.e.s.service.accesstokenvalidator       : ZjOWDkRGLFP6uek9z4j_sepAcN3RejSz
2023-12-05T14:28:26.804+05:30  INFO 20980 --- [main] c.e.s.service.accesstokenvalidator       : ----------------------
2023-12-05T14:28:26.806+05:30  INFO 20980 --- [main] c.e.s.service.accesstokenvalidator       : ZjOWDkRGLFP6uek9z4j_sepAcN3RejSz
2023-12-05T14:28:26.808+05:30  INFO 20980 --- [main] c.e.s.service.accesstokenvalidator       : ----------------------
2023-12-05T14:28:26.808+05:30  INFO 20980 --- [main] c.e.s.service.accesstokenvalidator       : ZjOWDkRGLFP6uek9z4j_sepAcN3RejSz
2023-12-05T14:28:26.809+05:30  INFO 20980 --- [main] c.e.s.service.accesstokenvalidator       : ----------------------
2023-12-05T14:28:26.809+05:30  INFO 20980 --- [main] c.e.s.service.accesstokenvalidator       : ZjOWDkRGLFP6uek9z4j_sepAcN3RejSz
2023-12-05T14:28:26.880+05:30  INFO 20980 --- [main] c.e.s.service.accesstokenvalidator       : ----------------------
2023-12-05T14:28:26.880+05:30  INFO 20980 --- [main] c.e.s.service.accesstokenvalidator       : ZjOWDkRGLFP6uek9z4j_sepAcN3RejSz
2023-12-05T14:28:26.969+05:30  INFO 20980 --- [main] c.e.s.service.accesstokenvalidator       : ----------------------
2023-12-05T14:28:26.972+05:30  INFO 20980 --- [main] c.e.s.service.accesstokenvalidator       : ZjOWDkRGLFP6uek9z4j_sepAcN3RejSz
2023-12-05T14:28:26.981+05:30  INFO 20980 --- [main] com.example.shopping.ProductController   : -----------ZjOWDkRGLFP6uek9z4j_sepAcN3RejSz
2023-12-05T14:28:26.981+05:30  INFO 20980 --- [main] c.e.s.service.accesstokenvalidator       : ----------------------
2023-12-05T14:28:26.981+05:30  INFO 20980 --- [main] c.e.s.service.accesstokenvalidator       : ZjOWDkRGLFP6uek9z4j_sepAcN3RejSz
2023-12-05T14:28:26.982+05:30  INFO 20980 --- [main] c.e.s.service.accesstokenvalidator       : ----------------------
2023-12-05T14:28:26.982+05:30  INFO 20980 --- [main] c.e.s.service.accesstokenvalidator       : ZjOWDkRGLFP6uek9z4j_sepAcN3RejSz
2023-12-05T14:28:27.079+05:30  INFO 20980 --- [main] c.e.s.service.accesstokenvalidator       : ----------------------
2023-12-05T14:28:27.082+05:30  INFO 20980 --- [main] c.e.s.service.accesstokenvalidator       : 
2023-12-05T14:28:27.092+05:30  INFO 20980 --- [main] com.example.shopping.ProductController   : -----------
2023-12-05T15:45:12.771+05:30  INFO 5332 --- [main] c.e.shopping.ShoppingApplicationTests    : Starting ShoppingApplicationTests using Java 17.0.9 with PID 5332 (started by sakth in C:\Users\sakth\OneDrive\Documents\new\shopingapi\shopping)
2023-12-05T15:45:12.777+05:30  INFO 5332 --- [main] c.e.shopping.ShoppingApplicationTests    : No active profile set, falling back to 1 default profile: "default"
2023-12-05T15:45:18.819+05:30  INFO 5332 --- [main] .s.d.r.c.RepositoryConfigurationDelegate : Bootstrapping Spring Data MongoDB repositories in DEFAULT mode.
2023-12-05T15:45:18.927+05:30  INFO 5332 --- [main] .s.d.r.c.RepositoryConfigurationDelegate : Finished Spring Data repository scanning in 92 ms. Found 2 MongoDB repository interfaces.
2023-12-05T15:45:28.856+05:30  INFO 5332 --- [main] org.mongodb.driver.client                : MongoClient with metadata {"driver": {"name": "mongo-java-driver|sync|spring-boot", "version": "4.9.1"}, "os": {"type": "Windows", "name": "Windows 11", "architecture": "amd64", "version": "10.0"}, "platform": "Java/Oracle Corporation/17.0.9+11-LTS-201"} created with settings MongoClientSettings{readPreference=primary, writeConcern=WriteConcern{w=null, wTimeout=null ms, journal=null}, retryWrites=true, retryReads=true, readConcern=ReadConcern{level=null}, credential=null, streamFactoryFactory=null, commandListeners=[io.micrometer.core.instrument.binder.mongodb.MongoMetricsCommandListener@2739ecc0], codecRegistry=ProvidersCodecRegistry{codecProviders=[ValueCodecProvider{}, BsonValueCodecProvider{}, DBRefCodecProvider{}, DBObjectCodecProvider{}, DocumentCodecProvider{}, CollectionCodecProvider{}, IterableCodecProvider{}, MapCodecProvider{}, GeoJsonCodecProvider{}, GridFSFileCodecProvider{}, Jsr310CodecProvider{}, JsonObjectCodecProvider{}, BsonCodecProvider{}, EnumCodecProvider{}, com.mongodb.client.model.mql.ExpressionCodecProvider@2932e15f, com.mongodb.Jep395RecordCodecProvider@3d98729a]}, loggerSettings=LoggerSettings{maxDocumentLength=1000}, clusterSettings={hosts=[localhost:27017], srvServiceName=mongodb, mode=SINGLE, requiredClusterType=UNKNOWN, requiredReplicaSetName='null', serverSelector='null', clusterListeners='[]', serverSelectionTimeout='30000 ms', localThreshold='30000 ms'}, socketSettings=SocketSettings{connectTimeoutMS=10000, readTimeoutMS=0, receiveBufferSize=0, sendBufferSize=0}, heartbeatSocketSettings=SocketSettings{connectTimeoutMS=10000, readTimeoutMS=10000, receiveBufferSize=0, sendBufferSize=0}, connectionPoolSettings=ConnectionPoolSettings{maxSize=100, minSize=0, maxWaitTimeMS=120000, maxConnectionLifeTimeMS=0, maxConnectionIdleTimeMS=0, maintenanceInitialDelayMS=0, maintenanceFrequencyMS=60000, connectionPoolListeners=[io.micrometer.core.instrument.binder.mongodb.MongoMetricsConnectionPoolListener@2375a976], maxConnecting=2}, serverSettings=ServerSettings{heartbeatFrequencyMS=10000, minHeartbeatFrequencyMS=500, serverListeners='[]', serverMonitorListeners='[]'}, sslSettings=SslSettings{enabled=false, invalidHostNameAllowed=false, context=null}, applicationName='null', compressorList=[], uuidRepresentation=JAVA_LEGACY, serverApi=null, autoEncryptionSettings=null, contextProvider=null}
2023-12-05T15:45:28.909+05:30  INFO 5332 --- [cluster-ClusterId{value='656ef84002f22b4e0c60c2d8', description='null'}-localhost:27017] org.mongodb.driver.cluster               : Monitor thread successfully connected to server with description ServerDescription{address=localhost:27017, type=STANDALONE, state=CONNECTED, ok=true, minWireVersion=0, maxWireVersion=21, maxDocumentSize=16777216, logicalSessionTimeoutMinutes=30, roundTripTimeNanos=53422800}
2023-12-05T15:45:30.591+05:30  INFO 5332 --- [main] o.s.b.t.m.w.SpringBootMockServletContext : Initializing Spring TestDispatcherServlet ''
2023-12-05T15:45:30.592+05:30  INFO 5332 --- [main] o.s.t.web.servlet.TestDispatcherServlet  : Initializing Servlet ''
2023-12-05T15:45:30.617+05:30  INFO 5332 --- [main] o.s.b.a.e.web.EndpointLinksResolver      : Exposing 14 endpoint(s) beneath base path '/actuator'
2023-12-05T15:45:30.645+05:30  INFO 5332 --- [main] o.s.t.web.servlet.TestDispatcherServlet  : Completed initialization in 52 ms
2023-12-05T15:45:31.273+05:30  INFO 5332 --- [main] c.e.shopping.ShoppingApplicationTests    : Started ShoppingApplicationTests in 19.103 seconds (process running for 23.023)
2023-12-05T15:45:34.482+05:30  INFO 5332 --- [main] c.e.s.service.accesstokenvalidator       : ----------------------
2023-12-05T15:45:34.483+05:30  INFO 5332 --- [main] c.e.s.service.accesstokenvalidator       : ZjOWDkRGLFP6uek9z4j_sepAcN3RejSz
2023-12-05T15:45:34.506+05:30  INFO 5332 --- [main] c.e.s.service.accesstokenvalidator       : ----------------------
2023-12-05T15:45:34.507+05:30  INFO 5332 --- [main] c.e.s.service.accesstokenvalidator       : ZjOWDkRGLFP6uek9z4j_sepAcN3RejSz
2023-12-05T15:45:34.509+05:30  INFO 5332 --- [main] c.e.s.service.accesstokenvalidator       : ----------------------
2023-12-05T15:45:34.511+05:30  INFO 5332 --- [main] c.e.s.service.accesstokenvalidator       : ZjOWDkRGLFP6uek9z4j_sepAcN3RejSz
2023-12-05T15:45:34.668+05:30  INFO 5332 --- [main] c.e.s.service.accesstokenvalidator       : ----------------------
2023-12-05T15:45:34.669+05:30  INFO 5332 --- [main] c.e.s.service.accesstokenvalidator       : ZjOWDkRGLFP6uek9z4j_sepAcN3RejSz
2023-12-05T15:45:34.912+05:30  INFO 5332 --- [main] c.e.s.service.accesstokenvalidator       : ----------------------
2023-12-05T15:45:34.914+05:30  INFO 5332 --- [main] c.e.s.service.accesstokenvalidator       : ZjOWDkRGLFP6uek9z4j_sepAcN3RejSz
2023-12-05T15:45:35.447+05:30  INFO 5332 --- [main] c.e.s.service.accesstokenvalidator       : ----------------------
2023-12-05T15:45:35.450+05:30  INFO 5332 --- [main] c.e.s.service.accesstokenvalidator       : ZjOWDkRGLFP6uek9z4j_sepAcN3RejSz
2023-12-05T15:45:35.454+05:30  INFO 5332 --- [main] c.e.s.service.accesstokenvalidator       : ----------------------
2023-12-05T15:45:35.455+05:30  INFO 5332 --- [main] c.e.s.service.accesstokenvalidator       : ZjOWDkRGLFP6uek9z4j_sepAcN3RejSz
2023-12-05T15:45:35.457+05:30  INFO 5332 --- [main] c.e.s.service.accesstokenvalidator       : ----------------------
2023-12-05T15:45:35.457+05:30  INFO 5332 --- [main] c.e.s.service.accesstokenvalidator       : ZjOWDkRGLFP6uek9z4j_sepAcN3RejSz
2023-12-05T15:45:35.482+05:30  INFO 5332 --- [main] c.e.s.service.accesstokenvalidator       : ----------------------
2023-12-05T15:45:35.482+05:30  INFO 5332 --- [main] c.e.s.service.accesstokenvalidator       : ZjOWDkRGLFP6uek9z4j_sepAcN3RejSz
2023-12-05T15:45:35.484+05:30  INFO 5332 --- [main] com.example.shopping.ProductController   : -----------ZjOWDkRGLFP6uek9z4j_sepAcN3RejSz
2023-12-05T15:45:35.484+05:30  INFO 5332 --- [main] c.e.s.service.accesstokenvalidator       : ----------------------
2023-12-05T15:45:35.485+05:30  INFO 5332 --- [main] c.e.s.service.accesstokenvalidator       : ZjOWDkRGLFP6uek9z4j_sepAcN3RejSz
2023-12-05T15:45:35.485+05:30  INFO 5332 --- [main] c.e.s.service.accesstokenvalidator       : ----------------------
2023-12-05T15:45:35.485+05:30  INFO 5332 --- [main] c.e.s.service.accesstokenvalidator       : ZjOWDkRGLFP6uek9z4j_sepAcN3RejSz
2023-12-05T15:45:35.710+05:30  INFO 5332 --- [main] c.e.s.service.accesstokenvalidator       : ----------------------
2023-12-05T15:45:35.712+05:30  INFO 5332 --- [main] c.e.s.service.accesstokenvalidator       : ZjOWDkRGLFP6uek9z4j_sepAcN3RejSz
2023-12-05T15:45:35.715+05:30  INFO 5332 --- [main] c.e.s.service.accesstokenvalidator       : ----------------------
2023-12-05T15:45:35.715+05:30  INFO 5332 --- [main] c.e.s.service.accesstokenvalidator       : ZjOWDkRGLFP6uek9z4j_sepAcN3RejSz
2023-12-05T15:45:35.718+05:30  INFO 5332 --- [main] c.e.s.service.accesstokenvalidator       : ----------------------
2023-12-05T15:45:35.719+05:30  INFO 5332 --- [main] c.e.s.service.accesstokenvalidator       : ZjOWDkRGLFP6uek9z4j_sepAcN3RejSz
2023-12-05T15:45:35.748+05:30  INFO 5332 --- [main] c.e.s.service.accesstokenvalidator       : ----------------------
2023-12-05T15:45:35.749+05:30  INFO 5332 --- [main] c.e.s.service.accesstokenvalidator       : ZjOWDkRGLFP6uek9z4j_sepAcN3RejSz1
2023-12-05T15:45:35.750+05:30  INFO 5332 --- [main] c.e.s.service.accesstokenvalidator       : ----------------------
2023-12-05T15:45:35.750+05:30  INFO 5332 --- [main] c.e.s.service.accesstokenvalidator       : ZjOWDkRGLFP6uek9z4j_sepAcN3RejSz1
2023-12-05T15:45:35.781+05:30  INFO 5332 --- [main] c.e.s.service.accesstokenvalidator       : ----------------------
2023-12-05T15:45:35.790+05:30  INFO 5332 --- [main] c.e.s.service.accesstokenvalidator       : ZjOWDkRGLFP6uek9z4j_sepAcN3RejSz
2023-12-05T15:45:35.792+05:30  INFO 5332 --- [main] c.e.s.service.accesstokenvalidator       : ----------------------
2023-12-05T15:45:35.792+05:30  INFO 5332 --- [main] c.e.s.service.accesstokenvalidator       : ZjOWDkRGLFP6uek9z4j_sepAcN3RejSz
2023-12-05T15:45:35.842+05:30  INFO 5332 --- [main] c.e.s.service.accesstokenvalidator       : ----------------------
2023-12-05T15:45:35.843+05:30  INFO 5332 --- [main] c.e.s.service.accesstokenvalidator       : ZjOWDkRGLFP6uek9z4j_sepAcN3RejSz
2023-12-05T15:45:35.844+05:30  INFO 5332 --- [main] c.e.s.service.accesstokenvalidator       : ----------------------
2023-12-05T15:45:35.844+05:30  INFO 5332 --- [main] c.e.s.service.accesstokenvalidator       : ZjOWDkRGLFP6uek9z4j_sepAcN3RejSz
2023-12-05T15:45:35.912+05:30  INFO 5332 --- [main] c.e.s.service.accesstokenvalidator       : ----------------------
2023-12-05T15:45:35.916+05:30  INFO 5332 --- [main] c.e.s.service.accesstokenvalidator       : ZjOWDkRGLFP6uek9z4j_sepAcN3RejSz
2023-12-05T15:45:35.919+05:30  INFO 5332 --- [main] com.example.shopping.ProductController   : -----------ZjOWDkRGLFP6uek9z4j_sepAcN3RejSz
2023-12-05T15:45:35.920+05:30  INFO 5332 --- [main] c.e.s.service.accesstokenvalidator       : ----------------------
2023-12-05T15:45:35.920+05:30  INFO 5332 --- [main] c.e.s.service.accesstokenvalidator       : ZjOWDkRGLFP6uek9z4j_sepAcN3RejSz
2023-12-05T15:45:36.108+05:30  INFO 5332 --- [main] c.e.s.service.accesstokenvalidator       : ----------------------
2023-12-05T15:45:36.109+05:30  INFO 5332 --- [main] c.e.s.service.accesstokenvalidator       : ZjOWDkRGLFP6uek9z4j_sepAcN3RejSz
2023-12-05T15:45:36.116+05:30  INFO 5332 --- [main] c.e.s.service.accesstokenvalidator       : ----------------------
2023-12-05T15:45:36.116+05:30  INFO 5332 --- [main] c.e.s.service.accesstokenvalidator       : ZjOWDkRGLFP6uek9z4j_sepAcN3RejSz
2023-12-05T15:45:36.118+05:30  INFO 5332 --- [main] c.e.s.service.accesstokenvalidator       : ----------------------
2023-12-05T15:45:36.121+05:30  INFO 5332 --- [main] c.e.s.service.accesstokenvalidator       : ZjOWDkRGLFP6uek9z4j_sepAcN3RejSz
2023-12-05T15:45:36.123+05:30  INFO 5332 --- [main] c.e.s.service.accesstokenvalidator       : ----------------------
2023-12-05T15:45:36.124+05:30  INFO 5332 --- [main] c.e.s.service.accesstokenvalidator       : ZjOWDkRGLFP6uek9z4j_sepAcN3RejSz
2023-12-05T15:45:36.273+05:30  INFO 5332 --- [main] c.e.s.service.accesstokenvalidator       : ----------------------
2023-12-05T15:45:36.273+05:30  INFO 5332 --- [main] c.e.s.service.accesstokenvalidator       : ZjOWDkRGLFP6uek9z4j_sepAcN3RejSz
2023-12-05T15:45:36.332+05:30  INFO 5332 --- [main] c.e.s.service.accesstokenvalidator       : ----------------------
2023-12-05T15:45:36.333+05:30  INFO 5332 --- [main] c.e.s.service.accesstokenvalidator       : ZjOWDkRGLFP6uek9z4j_sepAcN3RejSz
2023-12-05T15:45:36.350+05:30  INFO 5332 --- [main] c.e.s.service.accesstokenvalidator       : ----------------------
2023-12-05T15:45:36.353+05:30  INFO 5332 --- [main] c.e.s.service.accesstokenvalidator       : ZjOWDkRGLFP6uek9z4j_sepAcN3RejSz
2023-12-05T15:45:36.500+05:30  INFO 5332 --- [main] c.e.s.service.accesstokenvalidator       : ----------------------
2023-12-05T15:45:36.500+05:30  INFO 5332 --- [main] c.e.s.service.accesstokenvalidator       : ZjOWDkRGLFP6uek9z4j_sepAcN3RejSz
2023-12-05T15:45:36.533+05:30  INFO 5332 --- [main] c.e.s.service.accesstokenvalidator       : ----------------------
2023-12-05T15:45:36.534+05:30  INFO 5332 --- [main] c.e.s.service.accesstokenvalidator       : ZjOWDkRGLFP6uek9z4j_sepAcN3RejSz
2023-12-05T15:45:36.572+05:30  INFO 5332 --- [main] c.e.s.service.accesstokenvalidator       : ----------------------
2023-12-05T15:45:36.576+05:30  INFO 5332 --- [main] c.e.s.service.accesstokenvalidator       : ZjOWDkRGLFP6uek9z4j_sepAcN3RejSz
2023-12-05T15:45:36.583+05:30  INFO 5332 --- [main] com.example.shopping.ProductController   : -----------ZjOWDkRGLFP6uek9z4j_sepAcN3RejSz
2023-12-05T15:45:36.583+05:30  INFO 5332 --- [main] c.e.s.service.accesstokenvalidator       : ----------------------
2023-12-05T15:45:36.583+05:30  INFO 5332 --- [main] c.e.s.service.accesstokenvalidator       : ZjOWDkRGLFP6uek9z4j_sepAcN3RejSz
2023-12-05T15:45:36.668+05:30  INFO 5332 --- [main] c.e.s.service.accesstokenvalidator       : ----------------------
2023-12-05T15:45:36.669+05:30  INFO 5332 --- [main] c.e.s.service.accesstokenvalidator       : ZjOWDkRGLFP6uek9z4j_sepAcN3RejSz
2023-12-05T15:45:36.671+05:30  INFO 5332 --- [main] c.e.s.service.accesstokenvalidator       : ----------------------
2023-12-05T15:45:36.671+05:30  INFO 5332 --- [main] c.e.s.service.accesstokenvalidator       : ZjOWDkRGLFP6uek9z4j_sepAcN3RejSz
2023-12-05T15:45:36.673+05:30  INFO 5332 --- [main] c.e.s.service.accesstokenvalidator       : ----------------------
2023-12-05T15:45:36.675+05:30  INFO 5332 --- [main] c.e.s.service.accesstokenvalidator       : ZjOWDkRGLFP6uek9z4j_sepAcN3RejSz
2023-12-05T15:45:36.735+05:30  INFO 5332 --- [main] c.e.s.service.accesstokenvalidator       : ----------------------
2023-12-05T15:45:36.735+05:30  INFO 5332 --- [main] c.e.s.service.accesstokenvalidator       : ZjOWDkRGLFP6uek9z4j_sepAcN3RejSz
2023-12-05T15:45:36.787+05:30  INFO 5332 --- [main] c.e.s.service.accesstokenvalidator       : ----------------------
2023-12-05T15:45:36.787+05:30  INFO 5332 --- [main] c.e.s.service.accesstokenvalidator       : ZjOWDkRGLFP6uek9z4j_sepAcN3RejSz
2023-12-05T15:45:36.788+05:30  INFO 5332 --- [main] com.example.shopping.ProductController   : -----------ZjOWDkRGLFP6uek9z4j_sepAcN3RejSz
2023-12-05T15:45:36.788+05:30  INFO 5332 --- [main] c.e.s.service.accesstokenvalidator       : ----------------------
2023-12-05T15:45:36.788+05:30  INFO 5332 --- [main] c.e.s.service.accesstokenvalidator       : ZjOWDkRGLFP6uek9z4j_sepAcN3RejSz
2023-12-05T15:45:36.788+05:30  INFO 5332 --- [main] c.e.s.service.accesstokenvalidator       : ----------------------
2023-12-05T15:45:36.788+05:30  INFO 5332 --- [main] c.e.s.service.accesstokenvalidator       : ZjOWDkRGLFP6uek9z4j_sepAcN3RejSz
2023-12-05T15:45:36.803+05:30  INFO 5332 --- [main] c.e.s.service.accesstokenvalidator       : ----------------------
2023-12-05T15:45:36.806+05:30  INFO 5332 --- [main] c.e.s.service.accesstokenvalidator       : 
2023-12-05T15:45:36.807+05:30  INFO 5332 --- [main] com.example.shopping.ProductController   : -----------
2023-12-05T15:45:42.549+05:30  INFO 13884 --- [main] c.example.shopping.ShoppingApplication   : Starting ShoppingApplication using Java 17.0.9 with PID 13884 (C:\Users\sakth\OneDrive\Documents\new\shopingapi\shopping\target\classes started by sakth in C:\Users\sakth\OneDrive\Documents\new\shopingapi\shopping)
2023-12-05T15:45:42.553+05:30  INFO 13884 --- [main] c.example.shopping.ShoppingApplication   : No active profile set, falling back to 1 default profile: "default"
2023-12-05T15:45:45.093+05:30  INFO 13884 --- [main] .s.d.r.c.RepositoryConfigurationDelegate : Bootstrapping Spring Data MongoDB repositories in DEFAULT mode.
2023-12-05T15:45:45.222+05:30  INFO 13884 --- [main] .s.d.r.c.RepositoryConfigurationDelegate : Finished Spring Data repository scanning in 119 ms. Found 2 MongoDB repository interfaces.
2023-12-05T15:45:49.223+05:30  INFO 13884 --- [main] o.s.b.w.embedded.tomcat.TomcatWebServer  : Tomcat initialized with port(s): 8080 (http)
2023-12-05T15:45:49.244+05:30  INFO 13884 --- [main] o.apache.catalina.core.StandardService   : Starting service [Tomcat]
2023-12-05T15:45:49.245+05:30  INFO 13884 --- [main] o.apache.catalina.core.StandardEngine    : Starting Servlet engine: [Apache Tomcat/10.1.15]
2023-12-05T15:45:49.465+05:30  INFO 13884 --- [main] o.a.c.c.C.[Tomcat].[localhost].[/]       : Initializing Spring embedded WebApplicationContext
2023-12-05T15:45:49.467+05:30  INFO 13884 --- [main] w.s.c.ServletWebServerApplicationContext : Root WebApplicationContext: initialization completed in 6784 ms
2023-12-05T15:45:50.533+05:30  INFO 13884 --- [main] org.mongodb.driver.client                : MongoClient with metadata {"driver": {"name": "mongo-java-driver|sync|spring-boot", "version": "4.9.1"}, "os": {"type": "Windows", "name": "Windows 11", "architecture": "amd64", "version": "10.0"}, "platform": "Java/Oracle Corporation/17.0.9+11-LTS-201"} created with settings MongoClientSettings{readPreference=primary, writeConcern=WriteConcern{w=null, wTimeout=null ms, journal=null}, retryWrites=true, retryReads=true, readConcern=ReadConcern{level=null}, credential=null, streamFactoryFactory=null, commandListeners=[io.micrometer.core.instrument.binder.mongodb.MongoMetricsCommandListener@ee21292], codecRegistry=ProvidersCodecRegistry{codecProviders=[ValueCodecProvider{}, BsonValueCodecProvider{}, DBRefCodecProvider{}, DBObjectCodecProvider{}, DocumentCodecProvider{}, CollectionCodecProvider{}, IterableCodecProvider{}, MapCodecProvider{}, GeoJsonCodecProvider{}, GridFSFileCodecProvider{}, Jsr310CodecProvider{}, JsonObjectCodecProvider{}, BsonCodecProvider{}, EnumCodecProvider{}, com.mongodb.client.model.mql.ExpressionCodecProvider@40c06358, com.mongodb.Jep395RecordCodecProvider@66e21568]}, loggerSettings=LoggerSettings{maxDocumentLength=1000}, clusterSettings={hosts=[localhost:27017], srvServiceName=mongodb, mode=SINGLE, requiredClusterType=UNKNOWN, requiredReplicaSetName='null', serverSelector='null', clusterListeners='[]', serverSelectionTimeout='30000 ms', localThreshold='30000 ms'}, socketSettings=SocketSettings{connectTimeoutMS=10000, readTimeoutMS=0, receiveBufferSize=0, sendBufferSize=0}, heartbeatSocketSettings=SocketSettings{connectTimeoutMS=10000, readTimeoutMS=10000, receiveBufferSize=0, sendBufferSize=0}, connectionPoolSettings=ConnectionPoolSettings{maxSize=100, minSize=0, maxWaitTimeMS=120000, maxConnectionLifeTimeMS=0, maxConnectionIdleTimeMS=0, maintenanceInitialDelayMS=0, maintenanceFrequencyMS=60000, connectionPoolListeners=[io.micrometer.core.instrument.binder.mongodb.MongoMetricsConnectionPoolListener@7f73ce28], maxConnecting=2}, serverSettings=ServerSettings{heartbeatFrequencyMS=10000, minHeartbeatFrequencyMS=500, serverListeners='[]', serverMonitorListeners='[]'}, sslSettings=SslSettings{enabled=false, invalidHostNameAllowed=false, context=null}, applicationName='null', compressorList=[], uuidRepresentation=JAVA_LEGACY, serverApi=null, autoEncryptionSettings=null, contextProvider=null}
2023-12-05T15:45:50.559+05:30  INFO 13884 --- [cluster-ClusterId{value='656ef85656c5b43f3ee53827', description='null'}-localhost:27017] org.mongodb.driver.cluster               : Monitor thread successfully connected to server with description ServerDescription{address=localhost:27017, type=STANDALONE, state=CONNECTED, ok=true, minWireVersion=0, maxWireVersion=21, maxDocumentSize=16777216, logicalSessionTimeoutMinutes=30, roundTripTimeNanos=33548100}
2023-12-05T15:45:52.877+05:30  INFO 13884 --- [main] o.s.b.a.e.web.EndpointLinksResolver      : Exposing 14 endpoint(s) beneath base path '/actuator'
2023-12-05T15:45:53.075+05:30  INFO 13884 --- [main] o.s.b.w.embedded.tomcat.TomcatWebServer  : Tomcat started on port(s): 8080 (http) with context path ''
2023-12-05T15:45:53.130+05:30  INFO 13884 --- [main] c.example.shopping.ShoppingApplication   : Started ShoppingApplication in 11.367 seconds (process running for 12.616)
2023-12-05T15:46:31.339+05:30  INFO 13884 --- [http-nio-8080-exec-1] o.a.c.c.C.[Tomcat].[localhost].[/]       : Initializing Spring DispatcherServlet 'dispatcherServlet'
2023-12-05T15:46:31.341+05:30  INFO 13884 --- [http-nio-8080-exec-1] o.s.web.servlet.DispatcherServlet        : Initializing Servlet 'dispatcherServlet'
2023-12-05T15:46:31.349+05:30  INFO 13884 --- [http-nio-8080-exec-1] o.s.web.servlet.DispatcherServlet        : Completed initialization in 5 ms
2023-12-05T15:52:41.808+05:30  INFO 19960 --- [main] c.example.shopping.ShoppingApplication   : Starting ShoppingApplication using Java 17.0.9 with PID 19960 (C:\Users\sakth\OneDrive\Documents\new\shopingapi\shopping\target\classes started by sakth in C:\Users\sakth\OneDrive\Documents\new\shopingapi\shopping)
2023-12-05T15:52:41.815+05:30  INFO 19960 --- [main] c.example.shopping.ShoppingApplication   : No active profile set, falling back to 1 default profile: "default"
2023-12-05T15:52:43.955+05:30  INFO 19960 --- [main] .s.d.r.c.RepositoryConfigurationDelegate : Bootstrapping Spring Data MongoDB repositories in DEFAULT mode.
2023-12-05T15:52:44.058+05:30  INFO 19960 --- [main] .s.d.r.c.RepositoryConfigurationDelegate : Finished Spring Data repository scanning in 95 ms. Found 2 MongoDB repository interfaces.
2023-12-05T15:52:45.419+05:30  INFO 19960 --- [main] o.s.b.w.embedded.tomcat.TomcatWebServer  : Tomcat initialized with port(s): 8080 (http)
2023-12-05T15:52:45.444+05:30  INFO 19960 --- [main] o.apache.catalina.core.StandardService   : Starting service [Tomcat]
2023-12-05T15:52:45.445+05:30  INFO 19960 --- [main] o.apache.catalina.core.StandardEngine    : Starting Servlet engine: [Apache Tomcat/10.1.15]
2023-12-05T15:52:45.664+05:30  INFO 19960 --- [main] o.a.c.c.C.[Tomcat].[localhost].[/]       : Initializing Spring embedded WebApplicationContext
2023-12-05T15:52:45.665+05:30  INFO 19960 --- [main] w.s.c.ServletWebServerApplicationContext : Root WebApplicationContext: initialization completed in 3719 ms
2023-12-05T15:52:46.315+05:30  INFO 19960 --- [main] org.mongodb.driver.client                : MongoClient with metadata {"driver": {"name": "mongo-java-driver|sync|spring-boot", "version": "4.9.1"}, "os": {"type": "Windows", "name": "Windows 11", "architecture": "amd64", "version": "10.0"}, "platform": "Java/Oracle Corporation/17.0.9+11-LTS-201"} created with settings MongoClientSettings{readPreference=primary, writeConcern=WriteConcern{w=null, wTimeout=null ms, journal=null}, retryWrites=true, retryReads=true, readConcern=ReadConcern{level=null}, credential=null, streamFactoryFactory=null, commandListeners=[io.micrometer.core.instrument.binder.mongodb.MongoMetricsCommandListener@6f9e08d4], codecRegistry=ProvidersCodecRegistry{codecProviders=[ValueCodecProvider{}, BsonValueCodecProvider{}, DBRefCodecProvider{}, DBObjectCodecProvider{}, DocumentCodecProvider{}, CollectionCodecProvider{}, IterableCodecProvider{}, MapCodecProvider{}, GeoJsonCodecProvider{}, GridFSFileCodecProvider{}, Jsr310CodecProvider{}, JsonObjectCodecProvider{}, BsonCodecProvider{}, EnumCodecProvider{}, com.mongodb.client.model.mql.ExpressionCodecProvider@390037e7, com.mongodb.Jep395RecordCodecProvider@704067c6]}, loggerSettings=LoggerSettings{maxDocumentLength=1000}, clusterSettings={hosts=[localhost:27017], srvServiceName=mongodb, mode=SINGLE, requiredClusterType=UNKNOWN, requiredReplicaSetName='null', serverSelector='null', clusterListeners='[]', serverSelectionTimeout='30000 ms', localThreshold='30000 ms'}, socketSettings=SocketSettings{connectTimeoutMS=10000, readTimeoutMS=0, receiveBufferSize=0, sendBufferSize=0}, heartbeatSocketSettings=SocketSettings{connectTimeoutMS=10000, readTimeoutMS=10000, receiveBufferSize=0, sendBufferSize=0}, connectionPoolSettings=ConnectionPoolSettings{maxSize=100, minSize=0, maxWaitTimeMS=120000, maxConnectionLifeTimeMS=0, maxConnectionIdleTimeMS=0, maintenanceInitialDelayMS=0, maintenanceFrequencyMS=60000, connectionPoolListeners=[io.micrometer.core.instrument.binder.mongodb.MongoMetricsConnectionPoolListener@7f4596d0], maxConnecting=2}, serverSettings=ServerSettings{heartbeatFrequencyMS=10000, minHeartbeatFrequencyMS=500, serverListeners='[]', serverMonitorListeners='[]'}, sslSettings=SslSettings{enabled=false, invalidHostNameAllowed=false, context=null}, applicationName='null', compressorList=[], uuidRepresentation=JAVA_LEGACY, serverApi=null, autoEncryptionSettings=null, contextProvider=null}
2023-12-05T15:52:46.373+05:30  INFO 19960 --- [cluster-ClusterId{value='656ef9f697a7ea22e59f0751', description='null'}-localhost:27017] org.mongodb.driver.cluster               : Monitor thread successfully connected to server with description ServerDescription{address=localhost:27017, type=STANDALONE, state=CONNECTED, ok=true, minWireVersion=0, maxWireVersion=21, maxDocumentSize=16777216, logicalSessionTimeoutMinutes=30, roundTripTimeNanos=62870700}
2023-12-05T15:52:48.082+05:30  INFO 19960 --- [main] o.s.b.a.e.web.EndpointLinksResolver      : Exposing 0 endpoint(s) beneath base path '/actuator'
2023-12-05T15:52:48.235+05:30  INFO 19960 --- [main] o.s.b.w.embedded.tomcat.TomcatWebServer  : Tomcat started on port(s): 8080 (http) with context path ''
2023-12-05T15:52:48.266+05:30  INFO 19960 --- [main] c.example.shopping.ShoppingApplication   : Started ShoppingApplication in 7.259 seconds (process running for 8.149)
2023-12-05T15:53:04.784+05:30  INFO 19960 --- [http-nio-8080-exec-1] o.a.c.c.C.[Tomcat].[localhost].[/]       : Initializing Spring DispatcherServlet 'dispatcherServlet'
2023-12-05T15:53:04.785+05:30  INFO 19960 --- [http-nio-8080-exec-1] o.s.web.servlet.DispatcherServlet        : Initializing Servlet 'dispatcherServlet'
2023-12-05T15:53:04.790+05:30  INFO 19960 --- [http-nio-8080-exec-1] o.s.web.servlet.DispatcherServlet        : Completed initialization in 4 ms
2023-12-05T15:53:33.176+05:30  INFO 3824 --- [main] c.example.shopping.ShoppingApplication   : Starting ShoppingApplication using Java 17.0.9 with PID 3824 (C:\Users\sakth\OneDrive\Documents\new\shopingapi\shopping\target\classes started by sakth in C:\Users\sakth\OneDrive\Documents\new\shopingapi\shopping)
2023-12-05T15:53:33.181+05:30  INFO 3824 --- [main] c.example.shopping.ShoppingApplication   : No active profile set, falling back to 1 default profile: "default"
2023-12-05T15:53:36.197+05:30  INFO 3824 --- [main] .s.d.r.c.RepositoryConfigurationDelegate : Bootstrapping Spring Data MongoDB repositories in DEFAULT mode.
2023-12-05T15:53:36.363+05:30  INFO 3824 --- [main] .s.d.r.c.RepositoryConfigurationDelegate : Finished Spring Data repository scanning in 155 ms. Found 2 MongoDB repository interfaces.
2023-12-05T15:53:37.749+05:30  INFO 3824 --- [main] o.s.b.w.embedded.tomcat.TomcatWebServer  : Tomcat initialized with port(s): 8080 (http)
2023-12-05T15:53:38.376+05:30  INFO 3824 --- [main] o.apache.catalina.core.StandardService   : Starting service [Tomcat]
2023-12-05T15:53:38.395+05:30  INFO 3824 --- [main] o.apache.catalina.core.StandardEngine    : Starting Servlet engine: [Apache Tomcat/10.1.15]
2023-12-05T15:53:39.884+05:30  INFO 3824 --- [main] o.a.c.c.C.[Tomcat].[localhost].[/]       : Initializing Spring embedded WebApplicationContext
2023-12-05T15:53:39.885+05:30  INFO 3824 --- [main] w.s.c.ServletWebServerApplicationContext : Root WebApplicationContext: initialization completed in 6559 ms
2023-12-05T15:53:41.004+05:30  INFO 3824 --- [main] org.mongodb.driver.client                : MongoClient with metadata {"driver": {"name": "mongo-java-driver|sync|spring-boot", "version": "4.9.1"}, "os": {"type": "Windows", "name": "Windows 11", "architecture": "amd64", "version": "10.0"}, "platform": "Java/Oracle Corporation/17.0.9+11-LTS-201"} created with settings MongoClientSettings{readPreference=primary, writeConcern=WriteConcern{w=null, wTimeout=null ms, journal=null}, retryWrites=true, retryReads=true, readConcern=ReadConcern{level=null}, credential=null, streamFactoryFactory=null, commandListeners=[io.micrometer.core.instrument.binder.mongodb.MongoMetricsCommandListener@bb25753], codecRegistry=ProvidersCodecRegistry{codecProviders=[ValueCodecProvider{}, BsonValueCodecProvider{}, DBRefCodecProvider{}, DBObjectCodecProvider{}, DocumentCodecProvider{}, CollectionCodecProvider{}, IterableCodecProvider{}, MapCodecProvider{}, GeoJsonCodecProvider{}, GridFSFileCodecProvider{}, Jsr310CodecProvider{}, JsonObjectCodecProvider{}, BsonCodecProvider{}, EnumCodecProvider{}, com.mongodb.client.model.mql.ExpressionCodecProvider@ee21292, com.mongodb.Jep395RecordCodecProvider@40c06358]}, loggerSettings=LoggerSettings{maxDocumentLength=1000}, clusterSettings={hosts=[localhost:27017], srvServiceName=mongodb, mode=SINGLE, requiredClusterType=UNKNOWN, requiredReplicaSetName='null', serverSelector='null', clusterListeners='[]', serverSelectionTimeout='30000 ms', localThreshold='30000 ms'}, socketSettings=SocketSettings{connectTimeoutMS=10000, readTimeoutMS=0, receiveBufferSize=0, sendBufferSize=0}, heartbeatSocketSettings=SocketSettings{connectTimeoutMS=10000, readTimeoutMS=10000, receiveBufferSize=0, sendBufferSize=0}, connectionPoolSettings=ConnectionPoolSettings{maxSize=100, minSize=0, maxWaitTimeMS=120000, maxConnectionLifeTimeMS=0, maxConnectionIdleTimeMS=0, maintenanceInitialDelayMS=0, maintenanceFrequencyMS=60000, connectionPoolListeners=[io.micrometer.core.instrument.binder.mongodb.MongoMetricsConnectionPoolListener@66e21568], maxConnecting=2}, serverSettings=ServerSettings{heartbeatFrequencyMS=10000, minHeartbeatFrequencyMS=500, serverListeners='[]', serverMonitorListeners='[]'}, sslSettings=SslSettings{enabled=false, invalidHostNameAllowed=false, context=null}, applicationName='null', compressorList=[], uuidRepresentation=JAVA_LEGACY, serverApi=null, autoEncryptionSettings=null, contextProvider=null}
2023-12-05T15:53:41.048+05:30  INFO 3824 --- [cluster-ClusterId{value='656efa2cace04706df9d62f0', description='null'}-localhost:27017] org.mongodb.driver.cluster               : Monitor thread successfully connected to server with description ServerDescription{address=localhost:27017, type=STANDALONE, state=CONNECTED, ok=true, minWireVersion=0, maxWireVersion=21, maxDocumentSize=16777216, logicalSessionTimeoutMinutes=30, roundTripTimeNanos=59035700}
2023-12-05T15:53:43.946+05:30  INFO 3824 --- [main] o.s.b.a.e.web.EndpointLinksResolver      : Exposing 14 endpoint(s) beneath base path '/actuator'
2023-12-05T15:53:44.228+05:30  INFO 3824 --- [main] o.s.b.w.embedded.tomcat.TomcatWebServer  : Tomcat started on port(s): 8080 (http) with context path ''
2023-12-05T15:53:44.294+05:30  INFO 3824 --- [main] c.example.shopping.ShoppingApplication   : Started ShoppingApplication in 12.056 seconds (process running for 13.027)
2023-12-05T15:54:57.402+05:30  INFO 3824 --- [http-nio-8080-exec-1] o.a.c.c.C.[Tomcat].[localhost].[/]       : Initializing Spring DispatcherServlet 'dispatcherServlet'
2023-12-05T15:54:57.406+05:30  INFO 3824 --- [http-nio-8080-exec-1] o.s.web.servlet.DispatcherServlet        : Initializing Servlet 'dispatcherServlet'
2023-12-05T15:54:57.412+05:30  INFO 3824 --- [http-nio-8080-exec-1] o.s.web.servlet.DispatcherServlet        : Completed initialization in 2 ms
2023-12-05T16:53:15.167+05:30  INFO 12576 --- [main] c.example.shopping.ShoppingApplication   : Starting ShoppingApplication using Java 17.0.9 with PID 12576 (C:\Users\sakth\OneDrive\Documents\new\shopingapi\shopping\target\classes started by sakth in C:\Users\sakth\OneDrive\Documents\new\shopingapi\shopping)
2023-12-05T16:53:15.172+05:30  INFO 12576 --- [main] c.example.shopping.ShoppingApplication   : No active profile set, falling back to 1 default profile: "default"
2023-12-05T16:53:18.131+05:30  INFO 12576 --- [main] .s.d.r.c.RepositoryConfigurationDelegate : Bootstrapping Spring Data MongoDB repositories in DEFAULT mode.
2023-12-05T16:53:18.258+05:30  INFO 12576 --- [main] .s.d.r.c.RepositoryConfigurationDelegate : Finished Spring Data repository scanning in 118 ms. Found 2 MongoDB repository interfaces.
2023-12-05T16:53:20.106+05:30  INFO 12576 --- [main] o.s.b.w.embedded.tomcat.TomcatWebServer  : Tomcat initialized with port(s): 8080 (http)
2023-12-05T16:53:20.129+05:30  INFO 12576 --- [main] o.apache.catalina.core.StandardService   : Starting service [Tomcat]
2023-12-05T16:53:20.130+05:30  INFO 12576 --- [main] o.apache.catalina.core.StandardEngine    : Starting Servlet engine: [Apache Tomcat/10.1.15]
2023-12-05T16:53:20.346+05:30  INFO 12576 --- [main] o.a.c.c.C.[Tomcat].[localhost].[/]       : Initializing Spring embedded WebApplicationContext
2023-12-05T16:53:20.349+05:30  INFO 12576 --- [main] w.s.c.ServletWebServerApplicationContext : Root WebApplicationContext: initialization completed in 4827 ms
2023-12-05T16:53:21.296+05:30  INFO 12576 --- [main] org.mongodb.driver.client                : MongoClient with metadata {"driver": {"name": "mongo-java-driver|sync|spring-boot", "version": "4.9.1"}, "os": {"type": "Windows", "name": "Windows 11", "architecture": "amd64", "version": "10.0"}, "platform": "Java/Oracle Corporation/17.0.9+11-LTS-201"} created with settings MongoClientSettings{readPreference=primary, writeConcern=WriteConcern{w=null, wTimeout=null ms, journal=null}, retryWrites=true, retryReads=true, readConcern=ReadConcern{level=null}, credential=null, streamFactoryFactory=null, commandListeners=[io.micrometer.core.instrument.binder.mongodb.MongoMetricsCommandListener@673e76b3], codecRegistry=ProvidersCodecRegistry{codecProviders=[ValueCodecProvider{}, BsonValueCodecProvider{}, DBRefCodecProvider{}, DBObjectCodecProvider{}, DocumentCodecProvider{}, CollectionCodecProvider{}, IterableCodecProvider{}, MapCodecProvider{}, GeoJsonCodecProvider{}, GridFSFileCodecProvider{}, Jsr310CodecProvider{}, JsonObjectCodecProvider{}, BsonCodecProvider{}, EnumCodecProvider{}, com.mongodb.client.model.mql.ExpressionCodecProvider@1bedc703, com.mongodb.Jep395RecordCodecProvider@18d11527]}, loggerSettings=LoggerSettings{maxDocumentLength=1000}, clusterSettings={hosts=[localhost:27017], srvServiceName=mongodb, mode=SINGLE, requiredClusterType=UNKNOWN, requiredReplicaSetName='null', serverSelector='null', clusterListeners='[]', serverSelectionTimeout='30000 ms', localThreshold='30000 ms'}, socketSettings=SocketSettings{connectTimeoutMS=10000, readTimeoutMS=0, receiveBufferSize=0, sendBufferSize=0}, heartbeatSocketSettings=SocketSettings{connectTimeoutMS=10000, readTimeoutMS=10000, receiveBufferSize=0, sendBufferSize=0}, connectionPoolSettings=ConnectionPoolSettings{maxSize=100, minSize=0, maxWaitTimeMS=120000, maxConnectionLifeTimeMS=0, maxConnectionIdleTimeMS=0, maintenanceInitialDelayMS=0, maintenanceFrequencyMS=60000, connectionPoolListeners=[io.micrometer.core.instrument.binder.mongodb.MongoMetricsConnectionPoolListener@4998e74b], maxConnecting=2}, serverSettings=ServerSettings{heartbeatFrequencyMS=10000, minHeartbeatFrequencyMS=500, serverListeners='[]', serverMonitorListeners='[]'}, sslSettings=SslSettings{enabled=false, invalidHostNameAllowed=false, context=null}, applicationName='null', compressorList=[], uuidRepresentation=JAVA_LEGACY, serverApi=null, autoEncryptionSettings=null, contextProvider=null}
2023-12-05T16:53:21.378+05:30  INFO 12576 --- [cluster-ClusterId{value='656f0829ecf6644aef95f6c2', description='null'}-localhost:27017] org.mongodb.driver.cluster               : Monitor thread successfully connected to server with description ServerDescription{address=localhost:27017, type=STANDALONE, state=CONNECTED, ok=true, minWireVersion=0, maxWireVersion=21, maxDocumentSize=16777216, logicalSessionTimeoutMinutes=30, roundTripTimeNanos=86140700}
2023-12-05T16:53:23.796+05:30  INFO 12576 --- [main] o.s.b.a.e.web.EndpointLinksResolver      : Exposing 0 endpoint(s) beneath base path '/actuator'
2023-12-05T16:53:23.942+05:30  INFO 12576 --- [main] o.s.b.w.embedded.tomcat.TomcatWebServer  : Tomcat started on port(s): 8080 (http) with context path ''
2023-12-05T16:53:23.988+05:30  INFO 12576 --- [main] c.example.shopping.ShoppingApplication   : Started ShoppingApplication in 10.431 seconds (process running for 13.292)
2023-12-05T16:53:46.616+05:30  INFO 12576 --- [http-nio-8080-exec-3] o.a.c.c.C.[Tomcat].[localhost].[/]       : Initializing Spring DispatcherServlet 'dispatcherServlet'
2023-12-05T16:53:46.617+05:30  INFO 12576 --- [http-nio-8080-exec-3] o.s.web.servlet.DispatcherServlet        : Initializing Servlet 'dispatcherServlet'
2023-12-05T16:53:46.619+05:30  INFO 12576 --- [http-nio-8080-exec-3] o.s.web.servlet.DispatcherServlet        : Completed initialization in 2 ms
2023-12-05T16:54:20.991+05:30  INFO 23152 --- [main] c.example.shopping.ShoppingApplication   : Starting ShoppingApplication using Java 17.0.9 with PID 23152 (C:\Users\sakth\OneDrive\Documents\new\shopingapi\shopping\target\classes started by sakth in C:\Users\sakth\OneDrive\Documents\new\shopingapi\shopping)
2023-12-05T16:54:20.998+05:30  INFO 23152 --- [main] c.example.shopping.ShoppingApplication   : No active profile set, falling back to 1 default profile: "default"
2023-12-05T16:54:24.572+05:30  INFO 23152 --- [main] .s.d.r.c.RepositoryConfigurationDelegate : Bootstrapping Spring Data MongoDB repositories in DEFAULT mode.
2023-12-05T16:54:24.819+05:30  INFO 23152 --- [main] .s.d.r.c.RepositoryConfigurationDelegate : Finished Spring Data repository scanning in 230 ms. Found 2 MongoDB repository interfaces.
2023-12-05T16:54:26.997+05:30  INFO 23152 --- [main] o.s.b.w.embedded.tomcat.TomcatWebServer  : Tomcat initialized with port(s): 8080 (http)
2023-12-05T16:54:27.070+05:30  INFO 23152 --- [main] o.apache.catalina.core.StandardService   : Starting service [Tomcat]
2023-12-05T16:54:27.070+05:30  INFO 23152 --- [main] o.apache.catalina.core.StandardEngine    : Starting Servlet engine: [Apache Tomcat/10.1.15]
2023-12-05T16:54:27.818+05:30  INFO 23152 --- [main] o.a.c.c.C.[Tomcat].[localhost].[/]       : Initializing Spring embedded WebApplicationContext
2023-12-05T16:54:28.029+05:30  INFO 23152 --- [main] w.s.c.ServletWebServerApplicationContext : Root WebApplicationContext: initialization completed in 6700 ms
2023-12-05T16:54:29.168+05:30  INFO 23152 --- [main] org.mongodb.driver.client                : MongoClient with metadata {"driver": {"name": "mongo-java-driver|sync|spring-boot", "version": "4.9.1"}, "os": {"type": "Windows", "name": "Windows 11", "architecture": "amd64", "version": "10.0"}, "platform": "Java/Oracle Corporation/17.0.9+11-LTS-201"} created with settings MongoClientSettings{readPreference=primary, writeConcern=WriteConcern{w=null, wTimeout=null ms, journal=null}, retryWrites=true, retryReads=true, readConcern=ReadConcern{level=null}, credential=null, streamFactoryFactory=null, commandListeners=[io.micrometer.core.instrument.binder.mongodb.MongoMetricsCommandListener@35bfa1bb], codecRegistry=ProvidersCodecRegistry{codecProviders=[ValueCodecProvider{}, BsonValueCodecProvider{}, DBRefCodecProvider{}, DBObjectCodecProvider{}, DocumentCodecProvider{}, CollectionCodecProvider{}, IterableCodecProvider{}, MapCodecProvider{}, GeoJsonCodecProvider{}, GridFSFileCodecProvider{}, Jsr310CodecProvider{}, JsonObjectCodecProvider{}, BsonCodecProvider{}, EnumCodecProvider{}, com.mongodb.client.model.mql.ExpressionCodecProvider@6b321262, com.mongodb.Jep395RecordCodecProvider@68b11545]}, loggerSettings=LoggerSettings{maxDocumentLength=1000}, clusterSettings={hosts=[localhost:27017], srvServiceName=mongodb, mode=SINGLE, requiredClusterType=UNKNOWN, requiredReplicaSetName='null', serverSelector='null', clusterListeners='[]', serverSelectionTimeout='30000 ms', localThreshold='30000 ms'}, socketSettings=SocketSettings{connectTimeoutMS=10000, readTimeoutMS=0, receiveBufferSize=0, sendBufferSize=0}, heartbeatSocketSettings=SocketSettings{connectTimeoutMS=10000, readTimeoutMS=10000, receiveBufferSize=0, sendBufferSize=0}, connectionPoolSettings=ConnectionPoolSettings{maxSize=100, minSize=0, maxWaitTimeMS=120000, maxConnectionLifeTimeMS=0, maxConnectionIdleTimeMS=0, maintenanceInitialDelayMS=0, maintenanceFrequencyMS=60000, connectionPoolListeners=[io.micrometer.core.instrument.binder.mongodb.MongoMetricsConnectionPoolListener@7d0100ea], maxConnecting=2}, serverSettings=ServerSettings{heartbeatFrequencyMS=10000, minHeartbeatFrequencyMS=500, serverListeners='[]', serverMonitorListeners='[]'}, sslSettings=SslSettings{enabled=false, invalidHostNameAllowed=false, context=null}, applicationName='null', compressorList=[], uuidRepresentation=JAVA_LEGACY, serverApi=null, autoEncryptionSettings=null, contextProvider=null}
2023-12-05T16:54:29.397+05:30  INFO 23152 --- [cluster-ClusterId{value='656f086d52d0c22755af0842', description='null'}-localhost:27017] org.mongodb.driver.cluster               : Monitor thread successfully connected to server with description ServerDescription{address=localhost:27017, type=STANDALONE, state=CONNECTED, ok=true, minWireVersion=0, maxWireVersion=21, maxDocumentSize=16777216, logicalSessionTimeoutMinutes=30, roundTripTimeNanos=90807500}
2023-12-05T16:54:33.471+05:30  INFO 23152 --- [main] o.s.b.a.e.web.EndpointLinksResolver      : Exposing 14 endpoint(s) beneath base path '/actuator'
2023-12-05T16:54:34.048+05:30  INFO 23152 --- [main] o.s.b.w.embedded.tomcat.TomcatWebServer  : Tomcat started on port(s): 8080 (http) with context path ''
2023-12-05T16:54:34.107+05:30  INFO 23152 --- [main] c.example.shopping.ShoppingApplication   : Started ShoppingApplication in 14.796 seconds (process running for 15.902)
2023-12-05T17:09:29.195+05:30  INFO 9868 --- [main] c.example.shopping.ShoppingApplication   : Starting ShoppingApplication using Java 17.0.9 with PID 9868 (C:\Users\sakth\OneDrive\Documents\new\shopingapi\shopping\target\classes started by sakth in C:\Users\sakth\OneDrive\Documents\new\shopingapi\shopping)
2023-12-05T17:09:29.201+05:30  INFO 9868 --- [main] c.example.shopping.ShoppingApplication   : No active profile set, falling back to 1 default profile: "default"
2023-12-05T17:09:35.145+05:30  INFO 9868 --- [main] .s.d.r.c.RepositoryConfigurationDelegate : Bootstrapping Spring Data MongoDB repositories in DEFAULT mode.
2023-12-05T17:09:35.419+05:30  INFO 9868 --- [main] .s.d.r.c.RepositoryConfigurationDelegate : Finished Spring Data repository scanning in 250 ms. Found 2 MongoDB repository interfaces.
2023-12-05T17:09:42.818+05:30  INFO 9868 --- [main] o.s.b.w.embedded.tomcat.TomcatWebServer  : Tomcat initialized with port(s): 8080 (http)
2023-12-05T17:09:42.906+05:30  INFO 9868 --- [main] o.apache.catalina.core.StandardService   : Starting service [Tomcat]
2023-12-05T17:09:42.907+05:30  INFO 9868 --- [main] o.apache.catalina.core.StandardEngine    : Starting Servlet engine: [Apache Tomcat/10.1.15]
2023-12-05T17:09:44.696+05:30  INFO 9868 --- [main] o.a.c.c.C.[Tomcat].[localhost].[/]       : Initializing Spring embedded WebApplicationContext
2023-12-05T17:09:44.699+05:30  INFO 9868 --- [main] w.s.c.ServletWebServerApplicationContext : Root WebApplicationContext: initialization completed in 15204 ms
2023-12-05T17:09:49.166+05:30  INFO 9868 --- [main] org.mongodb.driver.client                : MongoClient with metadata {"driver": {"name": "mongo-java-driver|sync|spring-boot", "version": "4.9.1"}, "os": {"type": "Windows", "name": "Windows 11", "architecture": "amd64", "version": "10.0"}, "platform": "Java/Oracle Corporation/17.0.9+11-LTS-201"} created with settings MongoClientSettings{readPreference=primary, writeConcern=WriteConcern{w=null, wTimeout=null ms, journal=null}, retryWrites=true, retryReads=true, readConcern=ReadConcern{level=null}, credential=null, streamFactoryFactory=null, commandListeners=[io.micrometer.core.instrument.binder.mongodb.MongoMetricsCommandListener@dd3f8aa], codecRegistry=ProvidersCodecRegistry{codecProviders=[ValueCodecProvider{}, BsonValueCodecProvider{}, DBRefCodecProvider{}, DBObjectCodecProvider{}, DocumentCodecProvider{}, CollectionCodecProvider{}, IterableCodecProvider{}, MapCodecProvider{}, GeoJsonCodecProvider{}, GridFSFileCodecProvider{}, Jsr310CodecProvider{}, JsonObjectCodecProvider{}, BsonCodecProvider{}, EnumCodecProvider{}, com.mongodb.client.model.mql.ExpressionCodecProvider@3d615b2e, com.mongodb.Jep395RecordCodecProvider@3a1f2a1]}, loggerSettings=LoggerSettings{maxDocumentLength=1000}, clusterSettings={hosts=[localhost:27017], srvServiceName=mongodb, mode=SINGLE, requiredClusterType=UNKNOWN, requiredReplicaSetName='null', serverSelector='null', clusterListeners='[]', serverSelectionTimeout='30000 ms', localThreshold='30000 ms'}, socketSettings=SocketSettings{connectTimeoutMS=10000, readTimeoutMS=0, receiveBufferSize=0, sendBufferSize=0}, heartbeatSocketSettings=SocketSettings{connectTimeoutMS=10000, readTimeoutMS=10000, receiveBufferSize=0, sendBufferSize=0}, connectionPoolSettings=ConnectionPoolSettings{maxSize=100, minSize=0, maxWaitTimeMS=120000, maxConnectionLifeTimeMS=0, maxConnectionIdleTimeMS=0, maintenanceInitialDelayMS=0, maintenanceFrequencyMS=60000, connectionPoolListeners=[io.micrometer.core.instrument.binder.mongodb.MongoMetricsConnectionPoolListener@40ce9049], maxConnecting=2}, serverSettings=ServerSettings{heartbeatFrequencyMS=10000, minHeartbeatFrequencyMS=500, serverListeners='[]', serverMonitorListeners='[]'}, sslSettings=SslSettings{enabled=false, invalidHostNameAllowed=false, context=null}, applicationName='null', compressorList=[], uuidRepresentation=JAVA_LEGACY, serverApi=null, autoEncryptionSettings=null, contextProvider=null}
2023-12-05T17:09:50.100+05:30  INFO 9868 --- [cluster-ClusterId{value='656f0c04f3e0c25957cf40c5', description='null'}-localhost:27017] org.mongodb.driver.cluster               : Monitor thread successfully connected to server with description ServerDescription{address=localhost:27017, type=STANDALONE, state=CONNECTED, ok=true, minWireVersion=0, maxWireVersion=21, maxDocumentSize=16777216, logicalSessionTimeoutMinutes=30, roundTripTimeNanos=174132200}
2023-12-05T17:09:57.921+05:30  INFO 9868 --- [main] o.s.b.a.e.web.EndpointLinksResolver      : Exposing 14 endpoint(s) beneath base path '/actuator'
2023-12-05T17:09:59.492+05:30  INFO 9868 --- [main] o.s.b.w.embedded.tomcat.TomcatWebServer  : Tomcat started on port(s): 8080 (http) with context path ''
2023-12-05T17:09:59.572+05:30  INFO 9868 --- [main] c.example.shopping.ShoppingApplication   : Started ShoppingApplication in 34.203 seconds (process running for 41.193)
2023-12-05T17:11:40.184+05:30  INFO 9868 --- [http-nio-8080-exec-2] o.a.c.c.C.[Tomcat].[localhost].[/]       : Initializing Spring DispatcherServlet 'dispatcherServlet'
2023-12-05T17:11:40.186+05:30  INFO 9868 --- [http-nio-8080-exec-2] o.s.web.servlet.DispatcherServlet        : Initializing Servlet 'dispatcherServlet'
2023-12-05T17:11:40.194+05:30  INFO 9868 --- [http-nio-8080-exec-2] o.s.web.servlet.DispatcherServlet        : Completed initialization in 7 ms
